<?xml version="1.0" encoding="UTF-8"?>
<!-- Generated by org.testng.reporters.JUnitXMLReporter -->
<testsuite hostname="PC-PC" ignored="0" name="Default test" tests="3" failures="0" timestamp="28 May 2019 04:41:39 GMT" time="33.509" errors="0">
  <testcase name="checkTitleHomePageTest" time="0.451" classname="lazada.vn.testcases.HomePageTest"/>
  <testcase name="searchProductWithKeywordTest" time="3.448" classname="lazada.vn.testcases.HomePageTest"/>
  <testcase name="searchProductWithSelectionTest" time="7.332" classname="lazada.vn.testcases.HomePageTest"/>
</testsuite> <!-- Default test -->
