<?xml version="1.0" encoding="UTF-8"?>
<testng-results skipped="0" failed="0" ignored="0" total="2" passed="2">
  <reporter-output>
  </reporter-output>
  <suite name="Default suite" duration-ms="25744" started-at="2019-05-31T07:13:34Z" finished-at="2019-05-31T07:14:00Z">
    <groups>
    </groups>
    <test name="Default test" duration-ms="25744" started-at="2019-05-31T07:13:34Z" finished-at="2019-05-31T07:14:00Z">
      <class name="lazada.vn.testcases.LoginPageTest">
        <test-method status="PASS" signature="setUp()[pri:0, instance:lazada.vn.testcases.LoginPageTest@20e2cbe0]" name="setUp" is-config="true" duration-ms="7831" started-at="2019-05-31T14:13:34Z" finished-at="2019-05-31T14:13:42Z">
          <reporter-output>
          </reporter-output>
        </test-method> <!-- setUp -->
        <test-method status="PASS" signature="loginPageWithEmailRegistered()[pri:1, instance:lazada.vn.testcases.LoginPageTest@20e2cbe0]" name="loginPageWithEmailRegistered" duration-ms="7027" started-at="2019-05-31T14:13:42Z" finished-at="2019-05-31T14:13:49Z">
          <reporter-output>
          </reporter-output>
        </test-method> <!-- loginPageWithEmailRegistered -->
        <test-method status="PASS" signature="tearDown()[pri:0, instance:lazada.vn.testcases.LoginPageTest@20e2cbe0]" name="tearDown" is-config="true" duration-ms="629" started-at="2019-05-31T14:13:49Z" finished-at="2019-05-31T14:13:49Z">
          <reporter-output>
          </reporter-output>
        </test-method> <!-- tearDown -->
        <test-method status="PASS" signature="setUp()[pri:0, instance:lazada.vn.testcases.LoginPageTest@20e2cbe0]" name="setUp" is-config="true" duration-ms="5223" started-at="2019-05-31T14:13:49Z" finished-at="2019-05-31T14:13:55Z">
          <reporter-output>
          </reporter-output>
        </test-method> <!-- setUp -->
        <test-method status="PASS" signature="loginPageTitleTest()[pri:2, instance:lazada.vn.testcases.LoginPageTest@20e2cbe0]" name="loginPageTitleTest" duration-ms="4412" started-at="2019-05-31T14:13:55Z" finished-at="2019-05-31T14:13:59Z">
          <reporter-output>
          </reporter-output>
        </test-method> <!-- loginPageTitleTest -->
        <test-method status="PASS" signature="tearDown()[pri:0, instance:lazada.vn.testcases.LoginPageTest@20e2cbe0]" name="tearDown" is-config="true" duration-ms="606" started-at="2019-05-31T14:13:59Z" finished-at="2019-05-31T14:14:00Z">
          <reporter-output>
          </reporter-output>
        </test-method> <!-- tearDown -->
      </class> <!-- lazada.vn.testcases.LoginPageTest -->
    </test> <!-- Default test -->
  </suite> <!-- Default suite -->
</testng-results>
